[debug] [2020-10-09T12:22:44.434Z] ----------------------------------------------------------------------
[debug] [2020-10-09T12:22:44.436Z] Command:       /usr/local/bin/node /Users/azusa/.npm_global/bin/firebase deploy
[debug] [2020-10-09T12:22:44.436Z] CLI Version:   8.12.0
[debug] [2020-10-09T12:22:44.436Z] Platform:      darwin
[debug] [2020-10-09T12:22:44.436Z] Node Version:  v12.18.3
[debug] [2020-10-09T12:22:44.437Z] Time:          Fri Oct 09 2020 21:22:44 GMT+0900 (GMT+09:00)
[debug] [2020-10-09T12:22:44.437Z] ----------------------------------------------------------------------
[debug] [2020-10-09T12:22:44.437Z] 
[debug] [2020-10-09T12:22:44.443Z] > command requires scopes: ["email","openid","https://www.googleapis.com/auth/cloudplatformprojects.readonly","https://www.googleapis.com/auth/firebase","https://www.googleapis.com/auth/cloud-platform"]
[debug] [2020-10-09T12:22:44.444Z] > authorizing via signed-in user
[debug] [2020-10-09T12:22:44.444Z] [iam] checking project jobhuntingmanage for permissions ["firebase.projects.get","firebasehosting.sites.update"]
[debug] [2020-10-09T12:22:44.447Z] > refreshing access token with scopes: ["email","https://www.googleapis.com/auth/cloud-platform","https://www.googleapis.com/auth/cloudplatformprojects.readonly","https://www.googleapis.com/auth/firebase","openid"]
[debug] [2020-10-09T12:22:44.448Z] >>> HTTP REQUEST POST https://www.googleapis.com/oauth2/v3/token  
 <request body omitted>
[debug] [2020-10-09T12:22:44.677Z] <<< HTTP RESPONSE 200 {"cache-control":"no-cache, no-store, max-age=0, must-revalidate","expires":"Mon, 01 Jan 1990 00:00:00 GMT","pragma":"no-cache","date":"Fri, 09 Oct 2020 12:22:44 GMT","content-type":"application/json; charset=utf-8","vary":"X-Origin, Referer, Origin,Accept-Encoding","server":"scaffolding on HTTPServer2","x-xss-protection":"0","x-frame-options":"SAMEORIGIN","x-content-type-options":"nosniff","alt-svc":"h3-Q050=\":443\"; ma=2592000,h3-29=\":443\"; ma=2592000,h3-27=\":443\"; ma=2592000,h3-T051=\":443\"; ma=2592000,h3-T050=\":443\"; ma=2592000,h3-Q046=\":443\"; ma=2592000,h3-Q043=\":443\"; ma=2592000,quic=\":443\"; ma=2592000; v=\"46,43\"","accept-ranges":"none","transfer-encoding":"chunked"}
[debug] [2020-10-09T12:22:44.688Z] >>> HTTP REQUEST POST https://cloudresourcemanager.googleapis.com/v1/projects/jobhuntingmanage:testIamPermissions  
 {"permissions":["firebase.projects.get","firebasehosting.sites.update"]}
[debug] [2020-10-09T12:22:45.615Z] <<< HTTP RESPONSE 200 {"content-type":"application/json; charset=UTF-8","vary":"X-Origin, Referer, Origin,Accept-Encoding","date":"Fri, 09 Oct 2020 12:22:45 GMT","server":"ESF","cache-control":"private","x-xss-protection":"0","x-frame-options":"SAMEORIGIN","x-content-type-options":"nosniff","server-timing":"gfet4t7; dur=637","alt-svc":"h3-Q050=\":443\"; ma=2592000,h3-29=\":443\"; ma=2592000,h3-27=\":443\"; ma=2592000,h3-T051=\":443\"; ma=2592000,h3-T050=\":443\"; ma=2592000,h3-Q046=\":443\"; ma=2592000,h3-Q043=\":443\"; ma=2592000,quic=\":443\"; ma=2592000; v=\"46,43\"","accept-ranges":"none","transfer-encoding":"chunked"}
[debug] [2020-10-09T12:22:45.620Z] >>> HTTP REQUEST GET https://firebase.googleapis.com/v1beta1/projects/jobhuntingmanage  
 
[debug] [2020-10-09T12:22:46.126Z] <<< HTTP RESPONSE 200 {"content-type":"application/json; charset=UTF-8","vary":"X-Origin, Referer, Origin,Accept-Encoding","date":"Fri, 09 Oct 2020 12:22:46 GMT","server":"ESF","cache-control":"private","x-xss-protection":"0","x-frame-options":"SAMEORIGIN","x-content-type-options":"nosniff","alt-svc":"h3-Q050=\":443\"; ma=2592000,h3-29=\":443\"; ma=2592000,h3-27=\":443\"; ma=2592000,h3-T051=\":443\"; ma=2592000,h3-T050=\":443\"; ma=2592000,h3-Q046=\":443\"; ma=2592000,h3-Q043=\":443\"; ma=2592000,quic=\":443\"; ma=2592000; v=\"46,43\"","accept-ranges":"none","transfer-encoding":"chunked"}
[info] 
[info] === Deploying to 'jobhuntingmanage'...
[info] 
[info] i  deploying hosting 
[debug] [2020-10-09T12:22:46.129Z] >>> HTTP REQUEST POST https://firebasehosting.googleapis.com/v1beta1/sites/jobhuntingmanage/versions  
 {"config":{"rewrites":[{"glob":"**","path":"/index.html"}]},"labels":{"deployment-tool":"cli-firebase"}}
